TN:
SF:C:\Users\VERON\Downloads\test_sc\MarginTrading_v2_backend_test\contracts\CentralAccount.sol
FN:32,constructor
FN:37,setLP
FN:41,setTRA
FN:45,setSC
FN:49,setOwnerProfit
FN:54,approve
FN:62,newProfit
FN:66,newLoss
FN:70,getTraderDebt
FN:76,getCountUSDCTraders
FN:81,returnTraderDebt
FN:98,availableUSDC
FN:105,withdraw
FN:110,onlyTRA
FNF:14
FNH:14
FNDA:5,constructor
FNDA:7,setLP
FNDA:4,setTRA
FNDA:9,setSC
FNDA:3,setOwnerProfit
FNDA:19,approve
FNDA:5,newProfit
FNDA:1,newLoss
FNDA:14,getTraderDebt
FNDA:7,getCountUSDCTraders
FNDA:7,returnTraderDebt
FNDA:14,availableUSDC
FNDA:2,withdraw
FNDA:24,onlyTRA
DA:33,5
DA:34,5
DA:38,7
DA:42,4
DA:46,9
DA:50,3
DA:51,2
DA:55,19
DA:59,17
DA:63,5
DA:67,1
DA:71,14
DA:72,14
DA:73,13
DA:77,7
DA:82,7
DA:83,1
DA:85,6
DA:86,5
DA:87,5
DA:89,1
DA:91,6
DA:92,1
DA:94,5
DA:99,14
DA:100,14
DA:101,14
DA:102,14
DA:106,2
DA:107,1
DA:111,24
DA:115,21
LF:32
LH:32
BRDA:37,1,0,7
BRDA:37,1,1,1
BRDA:41,2,0,4
BRDA:41,2,1,1
BRDA:45,3,0,9
BRDA:45,3,1,1
BRDA:49,4,0,3
BRDA:49,4,1,1
BRDA:50,5,0,2
BRDA:50,5,1,1
BRDA:55,6,0,17
BRDA:55,6,1,2
BRDA:56,7,0,8
BRDA:56,7,1,2
BRDA:56,8,0,2
BRDA:56,8,1,7
BRDA:70,9,0,14
BRDA:70,9,1,2
BRDA:72,10,0,13
BRDA:72,10,1,1
BRDA:81,11,0,7
BRDA:81,11,1,1
BRDA:82,12,0,1
BRDA:82,12,1,6
BRDA:85,13,0,5
BRDA:85,13,1,1
BRDA:91,14,0,1
BRDA:91,14,1,5
BRDA:100,15,0,14
BRDA:100,15,1,0
BRDA:105,16,0,2
BRDA:105,16,1,1
BRDA:106,17,0,1
BRDA:106,17,1,1
BRDA:111,18,0,21
BRDA:111,18,1,3
BRF:36
BRH:35
end_of_record
TN:
SF:C:\Users\VERON\Downloads\test_sc\MarginTrading_v2_backend_test\contracts\LiquidityPool.sol
FN:23,constructor
FN:31,getBalanceLiquidityPool
FN:35,transferToLP
FN:44,accrueProfit
FN:49,accrueLoss
FN:58,transfer
FN:67,safeTransferFrom
FN:76,withdraw
FN:91,getUserBalance
FNF:9
FNH:9
FNDA:7,constructor
FNDA:14,getBalanceLiquidityPool
FNDA:58,transferToLP
FNDA:6,accrueProfit
FNDA:3,accrueLoss
FNDA:57,transfer
FNDA:7,safeTransferFrom
FNDA:8,withdraw
FNDA:12,getUserBalance
DA:24,7
DA:25,6
DA:26,6
DA:27,6
DA:28,6
DA:32,14
DA:36,58
DA:37,57
DA:38,57
DA:39,57
DA:40,57
DA:41,57
DA:45,6
DA:46,5
DA:50,3
DA:51,2
DA:52,1
DA:54,1
DA:64,57
DA:73,7
DA:77,8
DA:78,8
DA:79,7
DA:80,7
DA:81,7
DA:82,7
DA:83,7
DA:84,7
DA:85,7
DA:86,7
DA:87,7
DA:92,12
LF:32
LH:32
BRDA:24,1,0,6
BRDA:24,1,1,1
BRDA:36,2,0,57
BRDA:36,2,1,1
BRDA:45,3,0,5
BRDA:45,3,1,1
BRDA:50,4,0,2
BRDA:50,4,1,1
BRDA:51,5,0,1
BRDA:51,5,1,1
BRDA:78,6,0,7
BRDA:78,6,1,1
BRDA:80,7,0,7
BRDA:80,7,1,0
BRDA:81,8,0,7
BRDA:81,8,1,0
BRF:16
BRH:14
end_of_record
TN:
SF:C:\Users\VERON\Downloads\test_sc\MarginTrading_v2_backend_test\contracts\RiskManager.sol
FN:21,constructor
FN:25,addTrader
FN:30,getCountTraders
FN:34,checkTraders
FN:44,checkTradersDay
FN:54,eliminate
FN:65,deleteTrader
FN:73,setHFEliminate
FN:78,onlyTRA
FNF:9
FNH:9
FNDA:3,constructor
FNDA:12,addTrader
FNDA:1,getCountTraders
FNDA:5,checkTraders
FNDA:3,checkTradersDay
FNDA:3,eliminate
FNDA:4,deleteTrader
FNDA:1,setHFEliminate
FNDA:18,onlyTRA
DA:22,3
DA:26,12
DA:27,12
DA:31,1
DA:35,5
DA:36,4
DA:37,3
DA:38,3
DA:39,3
DA:41,3
DA:45,3
DA:46,2
DA:47,1
DA:48,1
DA:49,1
DA:51,1
DA:55,3
DA:56,2
DA:57,2
DA:58,2
DA:59,1
DA:60,0
DA:61,0
DA:62,0
DA:66,4
DA:67,4
DA:68,4
DA:69,4
DA:70,4
DA:74,1
DA:79,18
DA:83,16
LF:32
LH:29
BRDA:25,1,0,12
BRDA:25,1,1,1
BRDA:35,2,0,4
BRDA:35,2,1,1
BRDA:36,3,0,3
BRDA:36,3,1,1
BRDA:45,4,0,2
BRDA:45,4,1,1
BRDA:46,5,0,1
BRDA:46,5,1,1
BRDA:55,6,0,2
BRDA:55,6,1,1
BRDA:58,7,0,1
BRDA:58,7,1,1
BRDA:58,8,0,1
BRDA:58,8,1,0
BRDA:65,9,0,4
BRDA:65,9,1,1
BRDA:73,10,0,1
BRDA:73,10,1,1
BRDA:79,11,0,16
BRDA:79,11,1,2
BRF:22
BRH:21
end_of_record
TN:
SF:C:\Users\VERON\Downloads\test_sc\MarginTrading_v2_backend_test\contracts\SwapContract.sol
FN:23,constructor
FN:30,quoteWETHToUSDC
FN:45,swapWETHToUSDC
FN:71,swapUSDCToWETH
FNF:4
FNH:4
FNDA:6,constructor
FNDA:3,quoteWETHToUSDC
FNDA:2,swapWETHToUSDC
FNDA:2,swapUSDCToWETH
DA:24,6
DA:25,6
DA:26,6
DA:27,6
DA:32,3
DA:33,1
DA:36,2
DA:37,2
DA:38,2
DA:39,2
DA:46,2
DA:48,1
DA:49,1
DA:51,1
DA:53,1
DA:55,1
DA:66,1
DA:68,1
DA:72,2
DA:74,1
DA:76,1
DA:77,1
DA:79,1
DA:81,1
DA:92,1
DA:94,1
LF:26
LH:26
BRDA:32,1,0,1
BRDA:32,1,1,2
BRDA:46,2,0,1
BRDA:46,2,1,1
BRDA:72,3,0,1
BRDA:72,3,1,1
BRF:6
BRH:6
end_of_record
TN:
SF:C:\Users\VERON\Downloads\test_sc\MarginTrading_v2_backend_test\contracts\TraderAccount.sol
FN:47,constructor
FN:53,setRiskManager
FN:57,setSwapContract
FN:61,setDebtInterest
FN:67,transferToTraderUSDC
FN:72,transferDebtFromCA
FN:82,transferDebtToCA
FN:92,transfer
FN:101,safeTransferFrom
FN:110,withdrawUSDC
FN:119,getUserBalanceUSDC
FN:123,getUserBalanceUSDCWithoutDebt
FN:129,getUserDebt
FN:133,getUserBalanceWEther
FN:138,getAccountValueInUSDC
FN:144,eliminate
FN:159,getHF
FN:166,getDayDebt
FN:173,swapUSDCToWETH
FN:182,swapWETHToUSDC
FN:191,onlyRM
FNF:21
FNH:19
FNDA:3,constructor
FNDA:4,setRiskManager
FNDA:4,setSwapContract
FNDA:2,setDebtInterest
FNDA:20,transferToTraderUSDC
FNDA:15,transferDebtFromCA
FNDA:5,transferDebtToCA
FNDA:20,transfer
FNDA:1,safeTransferFrom
FNDA:3,withdrawUSDC
FNDA:2,getUserBalanceUSDC
FNDA:0,getUserBalanceUSDCWithoutDebt
FNDA:0,getUserDebt
FNDA:1,getUserBalanceWEther
FNDA:5,getAccountValueInUSDC
FNDA:1,eliminate
FNDA:6,getHF
FNDA:5,getDayDebt
FNDA:3,swapUSDCToWETH
FNDA:2,swapWETHToUSDC
FNDA:2,onlyRM
DA:48,3
DA:49,3
DA:50,3
DA:54,4
DA:58,4
DA:62,2
DA:63,1
DA:68,20
DA:69,20
DA:73,15
DA:74,14
DA:75,12
DA:76,12
DA:77,12
DA:78,12
DA:79,12
DA:83,5
DA:84,5
DA:85,5
DA:86,4
DA:87,4
DA:88,4
DA:89,4
DA:98,20
DA:107,1
DA:111,3
DA:112,2
DA:113,1
DA:114,1
DA:115,1
DA:120,2
DA:124,0
DA:125,0
DA:126,0
DA:130,0
DA:134,1
DA:139,5
DA:140,5
DA:146,1
DA:147,0
DA:148,0
DA:149,0
DA:151,0
DA:153,0
DA:154,0
DA:155,0
DA:160,6
DA:161,5
DA:162,5
DA:167,5
DA:168,4
DA:169,4
DA:174,3
DA:176,2
DA:177,2
DA:178,2
DA:183,2
DA:185,1
DA:186,1
DA:187,1
DA:192,2
DA:196,1
LF:62
LH:51
BRDA:53,1,0,4
BRDA:53,1,1,1
BRDA:57,2,0,4
BRDA:57,2,1,1
BRDA:61,3,0,2
BRDA:61,3,1,1
BRDA:62,4,0,1
BRDA:62,4,1,1
BRDA:73,5,0,14
BRDA:73,5,1,1
BRDA:74,6,0,12
BRDA:74,6,1,2
BRDA:85,7,0,4
BRDA:85,7,1,1
BRDA:111,8,0,2
BRDA:111,8,1,1
BRDA:112,9,0,1
BRDA:112,9,1,1
BRDA:125,10,0,0
BRDA:125,10,1,0
BRDA:144,11,0,1
BRDA:144,11,1,1
BRDA:148,12,0,0
BRDA:148,12,1,0
BRDA:160,13,0,5
BRDA:160,13,1,1
BRDA:167,14,0,4
BRDA:167,14,1,1
BRDA:174,15,0,2
BRDA:174,15,1,1
BRDA:183,16,0,1
BRDA:183,16,1,1
BRDA:192,17,0,1
BRDA:192,17,1,1
BRF:34
BRH:30
end_of_record
