{"contracts\\CentralAccount.sol":{"l":{"35":5,"36":5,"40":7,"44":4,"48":9,"52":3,"53":2,"57":19,"61":17,"66":5,"71":1,"75":14,"76":14,"77":13,"81":7,"86":7,"87":1,"89":6,"90":5,"91":5,"93":1,"95":6,"96":1,"98":5,"103":14,"104":14,"105":14,"106":14,"110":2,"111":1,"115":24,"119":21},"path":"C:\\Users\\VERON\\Downloads\\test_sc\\MarginTrading_v2_backend_test\\contracts\\CentralAccount.sol","s":{"1":3,"2":19,"3":17,"4":5,"5":1,"6":14,"7":14,"8":7,"9":7,"10":1,"11":6,"12":5,"13":1,"14":6,"15":14,"16":14,"17":2,"18":1,"19":24},"b":{"1":[7,1],"2":[4,1],"3":[9,1],"4":[3,1],"5":[2,1],"6":[17,2],"7":[8,2],"8":[2,7],"9":[14,2],"10":[13,1],"11":[7,1],"12":[1,6],"13":[5,1],"14":[1,5],"15":[14,0],"16":[2,1],"17":[1,1],"18":[21,3]},"f":{"1":5,"2":7,"3":4,"4":9,"5":3,"6":19,"7":5,"8":1,"9":14,"10":7,"11":7,"12":14,"13":2,"14":24},"fnMap":{"1":{"name":"constructor","line":34,"loc":{"start":{"line":34,"column":4},"end":{"line":37,"column":4}}},"2":{"name":"setLP","line":39,"loc":{"start":{"line":39,"column":4},"end":{"line":41,"column":4}}},"3":{"name":"setTRA","line":43,"loc":{"start":{"line":43,"column":4},"end":{"line":45,"column":4}}},"4":{"name":"setSC","line":47,"loc":{"start":{"line":47,"column":4},"end":{"line":49,"column":4}}},"5":{"name":"setOwnerProfit","line":51,"loc":{"start":{"line":51,"column":4},"end":{"line":54,"column":4}}},"6":{"name":"approve","line":56,"loc":{"start":{"line":56,"column":4},"end":{"line":62,"column":4}}},"7":{"name":"newProfit","line":65,"loc":{"start":{"line":65,"column":4},"end":{"line":67,"column":4}}},"8":{"name":"newLoss","line":70,"loc":{"start":{"line":70,"column":4},"end":{"line":72,"column":4}}},"9":{"name":"getTraderDebt","line":74,"loc":{"start":{"line":74,"column":4},"end":{"line":78,"column":4}}},"10":{"name":"getCountUSDCTraders","line":80,"loc":{"start":{"line":80,"column":4},"end":{"line":82,"column":4}}},"11":{"name":"returnTraderDebt","line":85,"loc":{"start":{"line":85,"column":4},"end":{"line":100,"column":4}}},"12":{"name":"availableUSDC","line":102,"loc":{"start":{"line":102,"column":4},"end":{"line":107,"column":4}}},"13":{"name":"withdraw","line":109,"loc":{"start":{"line":109,"column":4},"end":{"line":112,"column":4}}},"14":{"name":"onlyTRA","line":114,"loc":{"start":{"line":114,"column":4},"end":{"line":120,"column":4}}}},"statementMap":{"1":{"start":{"line":52,"column":8},"end":{"line":52,"column":100}},"2":{"start":{"line":57,"column":8},"end":{"line":57,"column":1915}},"3":{"start":{"line":61,"column":8},"end":{"line":61,"column":60}},"4":{"start":{"line":66,"column":8},"end":{"line":66,"column":32}},"5":{"start":{"line":71,"column":8},"end":{"line":71,"column":30}},"6":{"start":{"line":75,"column":8},"end":{"line":75,"column":45}},"7":{"start":{"line":76,"column":8},"end":{"line":76,"column":155}},"8":{"start":{"line":81,"column":8},"end":{"line":81,"column":31}},"9":{"start":{"line":86,"column":8},"end":{"line":86,"column":3076}},"10":{"start":{"line":87,"column":12},"end":{"line":87,"column":18}},"11":{"start":{"line":89,"column":8},"end":{"line":89,"column":3143}},"12":{"start":{"line":91,"column":12},"end":{"line":91,"column":91}},"13":{"start":{"line":93,"column":12},"end":{"line":93,"column":33}},"14":{"start":{"line":95,"column":8},"end":{"line":95,"column":3422}},"15":{"start":{"line":104,"column":8},"end":{"line":104,"column":123}},"16":{"start":{"line":106,"column":8},"end":{"line":106,"column":21}},"17":{"start":{"line":110,"column":8},"end":{"line":110,"column":105}},"18":{"start":{"line":111,"column":8},"end":{"line":111,"column":41}},"19":{"start":{"line":115,"column":8},"end":{"line":115,"column":4172}}},"branchMap":{"1":{"line":39,"type":"if","locations":[{"start":{"line":39,"column":41},"end":{"line":39,"column":41}},{"start":{"line":39,"column":41},"end":{"line":39,"column":41}}]},"2":{"line":43,"type":"if","locations":[{"start":{"line":43,"column":43},"end":{"line":43,"column":43}},{"start":{"line":43,"column":43},"end":{"line":43,"column":43}}]},"3":{"line":47,"type":"if","locations":[{"start":{"line":47,"column":41},"end":{"line":47,"column":41}},{"start":{"line":47,"column":41},"end":{"line":47,"column":41}}]},"4":{"line":51,"type":"if","locations":[{"start":{"line":51,"column":58},"end":{"line":51,"column":58}},{"start":{"line":51,"column":58},"end":{"line":51,"column":58}}]},"5":{"line":52,"type":"if","locations":[{"start":{"line":52,"column":8},"end":{"line":52,"column":8}},{"start":{"line":52,"column":8},"end":{"line":52,"column":8}}]},"6":{"line":57,"type":"if","locations":[{"start":{"line":57,"column":8},"end":{"line":57,"column":8}},{"start":{"line":57,"column":8},"end":{"line":57,"column":8}}]},"7":{"line":58,"type":"cond-expr","locations":[{"start":{"line":58,"column":12},"end":{"line":58,"column":37}},{"start":{"line":58,"column":42},"end":{"line":58,"column":68}}]},"8":{"line":58,"type":"cond-expr","locations":[{"start":{"line":58,"column":12},"end":{"line":58,"column":68}},{"start":{"line":58,"column":73},"end":{"line":58,"column":88}}]},"9":{"line":74,"type":"if","locations":[{"start":{"line":74,"column":53},"end":{"line":74,"column":53}},{"start":{"line":74,"column":53},"end":{"line":74,"column":53}}]},"10":{"line":76,"type":"if","locations":[{"start":{"line":76,"column":8},"end":{"line":76,"column":8}},{"start":{"line":76,"column":8},"end":{"line":76,"column":8}}]},"11":{"line":85,"type":"if","locations":[{"start":{"line":85,"column":91},"end":{"line":85,"column":91}},{"start":{"line":85,"column":91},"end":{"line":85,"column":91}}]},"12":{"line":86,"type":"if","locations":[{"start":{"line":86,"column":8},"end":{"line":86,"column":8}},{"start":{"line":86,"column":8},"end":{"line":86,"column":8}}]},"13":{"line":89,"type":"if","locations":[{"start":{"line":89,"column":8},"end":{"line":89,"column":8}},{"start":{"line":89,"column":8},"end":{"line":89,"column":8}}]},"14":{"line":95,"type":"if","locations":[{"start":{"line":95,"column":8},"end":{"line":95,"column":8}},{"start":{"line":95,"column":8},"end":{"line":95,"column":8}}]},"15":{"line":104,"type":"if","locations":[{"start":{"line":104,"column":8},"end":{"line":104,"column":8}},{"start":{"line":104,"column":8},"end":{"line":104,"column":8}}]},"16":{"line":109,"type":"if","locations":[{"start":{"line":109,"column":48},"end":{"line":109,"column":48}},{"start":{"line":109,"column":48},"end":{"line":109,"column":48}}]},"17":{"line":110,"type":"if","locations":[{"start":{"line":110,"column":8},"end":{"line":110,"column":8}},{"start":{"line":110,"column":8},"end":{"line":110,"column":8}}]},"18":{"line":115,"type":"if","locations":[{"start":{"line":115,"column":8},"end":{"line":115,"column":8}},{"start":{"line":115,"column":8},"end":{"line":115,"column":8}}]}}},"contracts\\LiquidityPool.sol":{"l":{"26":7,"27":6,"28":6,"29":6,"30":6,"34":14,"38":58,"39":57,"40":57,"41":57,"42":57,"43":57,"47":6,"48":5,"52":3,"53":2,"54":1,"56":1,"66":57,"75":7,"79":8,"80":8,"81":7,"82":7,"83":7,"84":7,"85":7,"86":7,"87":7,"88":7,"89":7,"94":12},"path":"C:\\Users\\VERON\\Downloads\\test_sc\\MarginTrading_v2_backend_test\\contracts\\LiquidityPool.sol","s":{"1":7,"2":14,"3":58,"4":57,"5":57,"6":6,"7":3,"8":2,"9":57,"10":7,"11":8,"12":8,"13":7,"14":7,"15":7,"16":7,"17":7,"18":7,"19":12},"b":{"1":[6,1],"2":[57,1],"3":[5,1],"4":[2,1],"5":[1,1],"6":[7,1],"7":[7,0],"8":[7,0]},"f":{"1":7,"2":14,"3":58,"4":6,"5":3,"6":57,"7":7,"8":8,"9":12},"fnMap":{"1":{"name":"constructor","line":25,"loc":{"start":{"line":25,"column":4},"end":{"line":31,"column":4}}},"2":{"name":"getBalanceLiquidityPool","line":33,"loc":{"start":{"line":33,"column":4},"end":{"line":35,"column":4}}},"3":{"name":"transferToLP","line":37,"loc":{"start":{"line":37,"column":4},"end":{"line":44,"column":4}}},"4":{"name":"accrueProfit","line":46,"loc":{"start":{"line":46,"column":4},"end":{"line":49,"column":4}}},"5":{"name":"accrueLoss","line":51,"loc":{"start":{"line":51,"column":4},"end":{"line":58,"column":4}}},"6":{"name":"transfer","line":60,"loc":{"start":{"line":60,"column":4},"end":{"line":67,"column":4}}},"7":{"name":"safeTransferFrom","line":69,"loc":{"start":{"line":69,"column":4},"end":{"line":76,"column":4}}},"8":{"name":"withdraw","line":78,"loc":{"start":{"line":78,"column":4},"end":{"line":90,"column":4}}},"9":{"name":"getUserBalance","line":93,"loc":{"start":{"line":93,"column":4},"end":{"line":95,"column":4}}}},"statementMap":{"1":{"start":{"line":26,"column":8},"end":{"line":26,"column":43}},"2":{"start":{"line":34,"column":8},"end":{"line":34,"column":23}},"3":{"start":{"line":38,"column":8},"end":{"line":38,"column":103}},"4":{"start":{"line":39,"column":8},"end":{"line":39,"column":52}},"5":{"start":{"line":43,"column":8},"end":{"line":43,"column":50}},"6":{"start":{"line":47,"column":8},"end":{"line":47,"column":91}},"7":{"start":{"line":52,"column":8},"end":{"line":52,"column":91}},"8":{"start":{"line":53,"column":8},"end":{"line":53,"column":2202}},"9":{"start":{"line":66,"column":8},"end":{"line":66,"column":45}},"10":{"start":{"line":75,"column":8},"end":{"line":75,"column":67}},"11":{"start":{"line":79,"column":8},"end":{"line":79,"column":80}},"12":{"start":{"line":80,"column":8},"end":{"line":80,"column":134}},"13":{"start":{"line":81,"column":8},"end":{"line":81,"column":56}},"14":{"start":{"line":82,"column":8},"end":{"line":82,"column":121}},"15":{"start":{"line":83,"column":8},"end":{"line":83,"column":133}},"16":{"start":{"line":84,"column":8},"end":{"line":84,"column":62}},"17":{"start":{"line":88,"column":8},"end":{"line":88,"column":57}},"18":{"start":{"line":89,"column":8},"end":{"line":89,"column":73}},"19":{"start":{"line":94,"column":8},"end":{"line":94,"column":64}}},"branchMap":{"1":{"line":26,"type":"if","locations":[{"start":{"line":26,"column":8},"end":{"line":26,"column":8}},{"start":{"line":26,"column":8},"end":{"line":26,"column":8}}]},"2":{"line":38,"type":"if","locations":[{"start":{"line":38,"column":8},"end":{"line":38,"column":8}},{"start":{"line":38,"column":8},"end":{"line":38,"column":8}}]},"3":{"line":47,"type":"if","locations":[{"start":{"line":47,"column":8},"end":{"line":47,"column":8}},{"start":{"line":47,"column":8},"end":{"line":47,"column":8}}]},"4":{"line":52,"type":"if","locations":[{"start":{"line":52,"column":8},"end":{"line":52,"column":8}},{"start":{"line":52,"column":8},"end":{"line":52,"column":8}}]},"5":{"line":53,"type":"if","locations":[{"start":{"line":53,"column":8},"end":{"line":53,"column":8}},{"start":{"line":53,"column":8},"end":{"line":53,"column":8}}]},"6":{"line":80,"type":"if","locations":[{"start":{"line":80,"column":8},"end":{"line":80,"column":8}},{"start":{"line":80,"column":8},"end":{"line":80,"column":8}}]},"7":{"line":82,"type":"if","locations":[{"start":{"line":82,"column":8},"end":{"line":82,"column":8}},{"start":{"line":82,"column":8},"end":{"line":82,"column":8}}]},"8":{"line":83,"type":"if","locations":[{"start":{"line":83,"column":8},"end":{"line":83,"column":8}},{"start":{"line":83,"column":8},"end":{"line":83,"column":8}}]}}},"contracts\\RiskManager.sol":{"l":{"24":3,"28":12,"29":12,"33":1,"37":5,"38":4,"39":3,"40":3,"41":3,"43":3,"47":3,"48":2,"49":1,"50":1,"51":1,"53":1,"57":3,"58":2,"59":2,"60":2,"61":1,"62":0,"63":0,"64":0,"68":4,"69":4,"70":4,"71":4,"72":4,"76":1,"81":18,"85":16},"path":"C:\\Users\\VERON\\Downloads\\test_sc\\MarginTrading_v2_backend_test\\contracts\\RiskManager.sol","s":{"1":12,"2":1,"3":5,"4":4,"5":3,"6":3,"7":3,"8":2,"9":1,"10":1,"11":3,"12":2,"13":2,"14":2,"15":1,"16":0,"17":0,"18":4,"19":4,"20":4,"21":18},"b":{"1":[12,1],"2":[4,1],"3":[3,1],"4":[2,1],"5":[1,1],"6":[2,1],"7":[1,1],"8":[1,0],"9":[4,1],"10":[1,1],"11":[16,2]},"f":{"1":3,"2":12,"3":1,"4":5,"5":3,"6":3,"7":4,"8":1,"9":18},"fnMap":{"1":{"name":"constructor","line":23,"loc":{"start":{"line":23,"column":4},"end":{"line":25,"column":4}}},"2":{"name":"addTrader","line":27,"loc":{"start":{"line":27,"column":4},"end":{"line":30,"column":4}}},"3":{"name":"getCountTraders","line":32,"loc":{"start":{"line":32,"column":4},"end":{"line":34,"column":4}}},"4":{"name":"checkTraders","line":36,"loc":{"start":{"line":36,"column":4},"end":{"line":44,"column":4}}},"5":{"name":"checkTradersDay","line":46,"loc":{"start":{"line":46,"column":4},"end":{"line":54,"column":4}}},"6":{"name":"eliminate","line":56,"loc":{"start":{"line":56,"column":4},"end":{"line":65,"column":4}}},"7":{"name":"deleteTrader","line":67,"loc":{"start":{"line":67,"column":4},"end":{"line":73,"column":4}}},"8":{"name":"setHFEliminate","line":75,"loc":{"start":{"line":75,"column":4},"end":{"line":77,"column":4}}},"9":{"name":"onlyTRA","line":80,"loc":{"start":{"line":80,"column":4},"end":{"line":86,"column":4}}}},"statementMap":{"1":{"start":{"line":28,"column":8},"end":{"line":28,"column":28}},"2":{"start":{"line":33,"column":8},"end":{"line":33,"column":29}},"3":{"start":{"line":37,"column":8},"end":{"line":37,"column":73}},"4":{"start":{"line":38,"column":8},"end":{"line":38,"column":82}},"5":{"start":{"line":40,"column":8},"end":{"line":40,"column":1516}},"6":{"start":{"line":43,"column":8},"end":{"line":43,"column":21}},"7":{"start":{"line":47,"column":8},"end":{"line":47,"column":73}},"8":{"start":{"line":48,"column":8},"end":{"line":48,"column":82}},"9":{"start":{"line":50,"column":8},"end":{"line":50,"column":2019}},"10":{"start":{"line":53,"column":8},"end":{"line":53,"column":21}},"11":{"start":{"line":57,"column":8},"end":{"line":57,"column":86}},"12":{"start":{"line":58,"column":8},"end":{"line":58,"column":51}},"13":{"start":{"line":59,"column":8},"end":{"line":59,"column":65}},"14":{"start":{"line":60,"column":8},"end":{"line":60,"column":162}},"15":{"start":{"line":61,"column":8},"end":{"line":61,"column":41}},"16":{"start":{"line":63,"column":8},"end":{"line":63,"column":20}},"17":{"start":{"line":64,"column":8},"end":{"line":64,"column":16}},"18":{"start":{"line":68,"column":8},"end":{"line":68,"column":52}},"19":{"start":{"line":69,"column":8},"end":{"line":69,"column":64}},"20":{"start":{"line":72,"column":8},"end":{"line":72,"column":20}},"21":{"start":{"line":81,"column":8},"end":{"line":81,"column":3377}}},"branchMap":{"1":{"line":27,"type":"if","locations":[{"start":{"line":27,"column":49},"end":{"line":27,"column":49}},{"start":{"line":27,"column":49},"end":{"line":27,"column":49}}]},"2":{"line":37,"type":"if","locations":[{"start":{"line":37,"column":8},"end":{"line":37,"column":8}},{"start":{"line":37,"column":8},"end":{"line":37,"column":8}}]},"3":{"line":38,"type":"if","locations":[{"start":{"line":38,"column":8},"end":{"line":38,"column":8}},{"start":{"line":38,"column":8},"end":{"line":38,"column":8}}]},"4":{"line":47,"type":"if","locations":[{"start":{"line":47,"column":8},"end":{"line":47,"column":8}},{"start":{"line":47,"column":8},"end":{"line":47,"column":8}}]},"5":{"line":48,"type":"if","locations":[{"start":{"line":48,"column":8},"end":{"line":48,"column":8}},{"start":{"line":48,"column":8},"end":{"line":48,"column":8}}]},"6":{"line":57,"type":"if","locations":[{"start":{"line":57,"column":8},"end":{"line":57,"column":8}},{"start":{"line":57,"column":8},"end":{"line":57,"column":8}}]},"7":{"line":60,"type":"if","locations":[{"start":{"line":60,"column":8},"end":{"line":60,"column":8}},{"start":{"line":60,"column":8},"end":{"line":60,"column":8}}]},"8":{"line":60,"type":"cond-expr","locations":[{"start":{"line":60,"column":16},"end":{"line":60,"column":33}},{"start":{"line":60,"column":38},"end":{"line":60,"column":54}}]},"9":{"line":67,"type":"if","locations":[{"start":{"line":67,"column":52},"end":{"line":67,"column":52}},{"start":{"line":67,"column":52},"end":{"line":67,"column":52}}]},"10":{"line":75,"type":"if","locations":[{"start":{"line":75,"column":63},"end":{"line":75,"column":63}},{"start":{"line":75,"column":63},"end":{"line":75,"column":63}}]},"11":{"line":81,"type":"if","locations":[{"start":{"line":81,"column":8},"end":{"line":81,"column":8}},{"start":{"line":81,"column":8},"end":{"line":81,"column":8}}]}}},"contracts\\SwapContract.sol":{"l":{"31":6,"32":6,"33":6,"34":6,"39":3,"40":1,"43":2,"44":2,"45":2,"46":2,"53":2,"55":1,"56":1,"58":1,"60":1,"62":1,"73":1,"75":1,"79":2,"81":1,"83":1,"84":1,"86":1,"88":1,"99":1,"101":1},"path":"C:\\Users\\VERON\\Downloads\\test_sc\\MarginTrading_v2_backend_test\\contracts\\SwapContract.sol","s":{"1":3,"2":1,"3":2,"4":2,"5":2,"6":1,"7":1,"8":1,"9":1,"10":1,"11":1,"12":2,"13":1,"14":1,"15":1,"16":1,"17":1,"18":1},"b":{"1":[1,2],"2":[1,1],"3":[1,1]},"f":{"1":6,"2":3,"3":2,"4":2},"fnMap":{"1":{"name":"constructor","line":30,"loc":{"start":{"line":30,"column":4},"end":{"line":35,"column":4}}},"2":{"name":"quoteWETHToUSDC","line":37,"loc":{"start":{"line":37,"column":4},"end":{"line":50,"column":4}}},"3":{"name":"swapWETHToUSDC","line":52,"loc":{"start":{"line":52,"column":4},"end":{"line":76,"column":4}}},"4":{"name":"swapUSDCToWETH","line":78,"loc":{"start":{"line":78,"column":4},"end":{"line":102,"column":4}}}},"statementMap":{"1":{"start":{"line":39,"column":8},"end":{"line":39,"column":1568}},"2":{"start":{"line":40,"column":12},"end":{"line":40,"column":20}},"3":{"start":{"line":43,"column":8},"end":{"line":43,"column":47}},"4":{"start":{"line":46,"column":8},"end":{"line":46,"column":1735}},"5":{"start":{"line":53,"column":8},"end":{"line":53,"column":56}},"6":{"start":{"line":55,"column":8},"end":{"line":55,"column":50}},"7":{"start":{"line":56,"column":8},"end":{"line":56,"column":84}},"8":{"start":{"line":58,"column":8},"end":{"line":58,"column":67}},"9":{"start":{"line":60,"column":8},"end":{"line":60,"column":28}},"10":{"start":{"line":62,"column":8},"end":{"line":62,"column":2267}},"11":{"start":{"line":75,"column":8},"end":{"line":75,"column":24}},"12":{"start":{"line":79,"column":8},"end":{"line":79,"column":56}},"13":{"start":{"line":81,"column":8},"end":{"line":81,"column":50}},"14":{"start":{"line":83,"column":8},"end":{"line":83,"column":84}},"15":{"start":{"line":84,"column":8},"end":{"line":84,"column":67}},"16":{"start":{"line":86,"column":8},"end":{"line":86,"column":28}},"17":{"start":{"line":88,"column":8},"end":{"line":88,"column":3190}},"18":{"start":{"line":101,"column":8},"end":{"line":101,"column":24}}},"branchMap":{"1":{"line":39,"type":"if","locations":[{"start":{"line":39,"column":8},"end":{"line":39,"column":8}},{"start":{"line":39,"column":8},"end":{"line":39,"column":8}}]},"2":{"line":53,"type":"if","locations":[{"start":{"line":53,"column":8},"end":{"line":53,"column":8}},{"start":{"line":53,"column":8},"end":{"line":53,"column":8}}]},"3":{"line":79,"type":"if","locations":[{"start":{"line":79,"column":8},"end":{"line":79,"column":8}},{"start":{"line":79,"column":8},"end":{"line":79,"column":8}}]}}},"contracts\\TraderAccount.sol":{"l":{"48":3,"49":3,"50":3,"54":4,"58":4,"62":2,"63":1,"68":20,"69":20,"73":15,"74":14,"75":12,"76":12,"77":12,"78":12,"79":12,"83":5,"84":5,"85":5,"86":4,"87":4,"88":4,"89":4,"98":20,"107":1,"111":3,"112":2,"113":1,"114":1,"115":1,"120":2,"124":0,"125":0,"126":0,"130":0,"134":1,"139":5,"140":5,"146":1,"147":0,"148":0,"149":0,"151":0,"153":0,"154":0,"155":0,"160":6,"161":5,"162":5,"167":5,"168":4,"169":4,"174":3,"176":2,"177":2,"178":2,"183":2,"185":1,"186":1,"187":1,"192":2,"196":1},"path":"C:\\Users\\VERON\\Downloads\\test_sc\\MarginTrading_v2_backend_test\\contracts\\TraderAccount.sol","s":{"1":2,"2":20,"3":15,"4":14,"5":12,"6":12,"7":5,"8":5,"9":5,"10":4,"11":4,"12":20,"13":1,"14":3,"15":2,"16":1,"17":1,"18":2,"19":0,"20":0,"21":0,"22":0,"23":1,"24":5,"25":5,"26":1,"27":0,"28":0,"29":0,"30":6,"31":5,"32":5,"33":4,"34":3,"35":2,"36":2,"37":1,"38":2},"b":{"1":[4,1],"2":[4,1],"3":[2,1],"4":[1,1],"5":[14,1],"6":[12,2],"7":[4,1],"8":[2,1],"9":[1,1],"10":[0,0],"11":[1,1],"12":[0,0],"13":[5,1],"14":[4,1],"15":[2,1],"16":[1,1],"17":[1,1]},"f":{"1":3,"2":4,"3":4,"4":2,"5":20,"6":15,"7":5,"8":20,"9":1,"10":3,"11":2,"12":0,"13":0,"14":1,"15":5,"16":1,"17":6,"18":5,"19":3,"20":2,"21":2},"fnMap":{"1":{"name":"constructor","line":47,"loc":{"start":{"line":47,"column":4},"end":{"line":51,"column":4}}},"2":{"name":"setRiskManager","line":53,"loc":{"start":{"line":53,"column":4},"end":{"line":55,"column":4}}},"3":{"name":"setSwapContract","line":57,"loc":{"start":{"line":57,"column":4},"end":{"line":59,"column":4}}},"4":{"name":"setDebtInterest","line":61,"loc":{"start":{"line":61,"column":4},"end":{"line":64,"column":4}}},"5":{"name":"transferToTraderUSDC","line":67,"loc":{"start":{"line":67,"column":4},"end":{"line":70,"column":4}}},"6":{"name":"transferDebtFromCA","line":72,"loc":{"start":{"line":72,"column":4},"end":{"line":80,"column":4}}},"7":{"name":"transferDebtToCA","line":82,"loc":{"start":{"line":82,"column":4},"end":{"line":90,"column":4}}},"8":{"name":"transfer","line":92,"loc":{"start":{"line":92,"column":4},"end":{"line":99,"column":4}}},"9":{"name":"safeTransferFrom","line":101,"loc":{"start":{"line":101,"column":4},"end":{"line":108,"column":4}}},"10":{"name":"withdrawUSDC","line":110,"loc":{"start":{"line":110,"column":4},"end":{"line":116,"column":4}}},"11":{"name":"getUserBalanceUSDC","line":119,"loc":{"start":{"line":119,"column":4},"end":{"line":121,"column":4}}},"12":{"name":"getUserBalanceUSDCWithoutDebt","line":123,"loc":{"start":{"line":123,"column":4},"end":{"line":127,"column":4}}},"13":{"name":"getUserDebt","line":129,"loc":{"start":{"line":129,"column":4},"end":{"line":131,"column":4}}},"14":{"name":"getUserBalanceWEther","line":133,"loc":{"start":{"line":133,"column":4},"end":{"line":135,"column":4}}},"15":{"name":"getAccountValueInUSDC","line":138,"loc":{"start":{"line":138,"column":4},"end":{"line":141,"column":4}}},"16":{"name":"eliminate","line":144,"loc":{"start":{"line":144,"column":4},"end":{"line":156,"column":4}}},"17":{"name":"getHF","line":159,"loc":{"start":{"line":159,"column":4},"end":{"line":163,"column":4}}},"18":{"name":"getDayDebt","line":166,"loc":{"start":{"line":166,"column":4},"end":{"line":170,"column":4}}},"19":{"name":"swapUSDCToWETH","line":173,"loc":{"start":{"line":173,"column":4},"end":{"line":179,"column":4}}},"20":{"name":"swapWETHToUSDC","line":182,"loc":{"start":{"line":182,"column":4},"end":{"line":188,"column":4}}},"21":{"name":"onlyRM","line":191,"loc":{"start":{"line":191,"column":4},"end":{"line":197,"column":4}}}},"statementMap":{"1":{"start":{"line":62,"column":8},"end":{"line":62,"column":105}},"2":{"start":{"line":69,"column":8},"end":{"line":69,"column":50}},"3":{"start":{"line":73,"column":8},"end":{"line":73,"column":67}},"4":{"start":{"line":74,"column":8},"end":{"line":74,"column":169}},"5":{"start":{"line":75,"column":8},"end":{"line":75,"column":33}},"6":{"start":{"line":76,"column":8},"end":{"line":76,"column":32}},"7":{"start":{"line":83,"column":8},"end":{"line":83,"column":50}},"8":{"start":{"line":84,"column":8},"end":{"line":84,"column":68}},"9":{"start":{"line":85,"column":8},"end":{"line":85,"column":162}},"10":{"start":{"line":86,"column":8},"end":{"line":86,"column":50}},"11":{"start":{"line":87,"column":8},"end":{"line":87,"column":35}},"12":{"start":{"line":98,"column":8},"end":{"line":98,"column":45}},"13":{"start":{"line":107,"column":8},"end":{"line":107,"column":67}},"14":{"start":{"line":111,"column":8},"end":{"line":111,"column":66}},"15":{"start":{"line":112,"column":8},"end":{"line":112,"column":84}},"16":{"start":{"line":114,"column":8},"end":{"line":114,"column":57}},"17":{"start":{"line":115,"column":8},"end":{"line":115,"column":73}},"18":{"start":{"line":120,"column":8},"end":{"line":120,"column":39}},"19":{"start":{"line":124,"column":8},"end":{"line":124,"column":73}},"20":{"start":{"line":125,"column":8},"end":{"line":125,"column":124}},"21":{"start":{"line":126,"column":8},"end":{"line":126,"column":58}},"22":{"start":{"line":130,"column":8},"end":{"line":130,"column":39}},"23":{"start":{"line":134,"column":8},"end":{"line":134,"column":41}},"24":{"start":{"line":139,"column":8},"end":{"line":139,"column":73}},"25":{"start":{"line":140,"column":8},"end":{"line":140,"column":49}},"26":{"start":{"line":146,"column":8},"end":{"line":146,"column":105}},"27":{"start":{"line":148,"column":8},"end":{"line":148,"column":6130}},"28":{"start":{"line":149,"column":12},"end":{"line":149,"column":104}},"29":{"start":{"line":151,"column":12},"end":{"line":151,"column":105}},"30":{"start":{"line":160,"column":8},"end":{"line":160,"column":102}},"31":{"start":{"line":162,"column":8},"end":{"line":162,"column":18}},"32":{"start":{"line":167,"column":8},"end":{"line":167,"column":103}},"33":{"start":{"line":169,"column":8},"end":{"line":169,"column":20}},"34":{"start":{"line":174,"column":8},"end":{"line":174,"column":70}},"35":{"start":{"line":176,"column":8},"end":{"line":176,"column":79}},"36":{"start":{"line":183,"column":8},"end":{"line":183,"column":72}},"37":{"start":{"line":185,"column":8},"end":{"line":185,"column":79}},"38":{"start":{"line":192,"column":8},"end":{"line":192,"column":8245}}},"branchMap":{"1":{"line":53,"type":"if","locations":[{"start":{"line":53,"column":50},"end":{"line":53,"column":50}},{"start":{"line":53,"column":50},"end":{"line":53,"column":50}}]},"2":{"line":57,"type":"if","locations":[{"start":{"line":57,"column":51},"end":{"line":57,"column":51}},{"start":{"line":57,"column":51},"end":{"line":57,"column":51}}]},"3":{"line":61,"type":"if","locations":[{"start":{"line":61,"column":63},"end":{"line":61,"column":63}},{"start":{"line":61,"column":63},"end":{"line":61,"column":63}}]},"4":{"line":62,"type":"if","locations":[{"start":{"line":62,"column":8},"end":{"line":62,"column":8}},{"start":{"line":62,"column":8},"end":{"line":62,"column":8}}]},"5":{"line":73,"type":"if","locations":[{"start":{"line":73,"column":8},"end":{"line":73,"column":8}},{"start":{"line":73,"column":8},"end":{"line":73,"column":8}}]},"6":{"line":74,"type":"if","locations":[{"start":{"line":74,"column":8},"end":{"line":74,"column":8}},{"start":{"line":74,"column":8},"end":{"line":74,"column":8}}]},"7":{"line":85,"type":"if","locations":[{"start":{"line":85,"column":8},"end":{"line":85,"column":8}},{"start":{"line":85,"column":8},"end":{"line":85,"column":8}}]},"8":{"line":111,"type":"if","locations":[{"start":{"line":111,"column":8},"end":{"line":111,"column":8}},{"start":{"line":111,"column":8},"end":{"line":111,"column":8}}]},"9":{"line":112,"type":"if","locations":[{"start":{"line":112,"column":8},"end":{"line":112,"column":8}},{"start":{"line":112,"column":8},"end":{"line":112,"column":8}}]},"10":{"line":125,"type":"if","locations":[{"start":{"line":125,"column":8},"end":{"line":125,"column":8}},{"start":{"line":125,"column":8},"end":{"line":125,"column":8}}]},"11":{"line":144,"type":"if","locations":[{"start":{"line":144,"column":53},"end":{"line":144,"column":53}},{"start":{"line":144,"column":53},"end":{"line":144,"column":53}}]},"12":{"line":148,"type":"if","locations":[{"start":{"line":148,"column":8},"end":{"line":148,"column":8}},{"start":{"line":148,"column":8},"end":{"line":148,"column":8}}]},"13":{"line":160,"type":"if","locations":[{"start":{"line":160,"column":8},"end":{"line":160,"column":8}},{"start":{"line":160,"column":8},"end":{"line":160,"column":8}}]},"14":{"line":167,"type":"if","locations":[{"start":{"line":167,"column":8},"end":{"line":167,"column":8}},{"start":{"line":167,"column":8},"end":{"line":167,"column":8}}]},"15":{"line":174,"type":"if","locations":[{"start":{"line":174,"column":8},"end":{"line":174,"column":8}},{"start":{"line":174,"column":8},"end":{"line":174,"column":8}}]},"16":{"line":183,"type":"if","locations":[{"start":{"line":183,"column":8},"end":{"line":183,"column":8}},{"start":{"line":183,"column":8},"end":{"line":183,"column":8}}]},"17":{"line":192,"type":"if","locations":[{"start":{"line":192,"column":8},"end":{"line":192,"column":8}},{"start":{"line":192,"column":8},"end":{"line":192,"column":8}}]}}}}